{"timestamp": "$(date -u +%Y-%m-%dT%H:%M:%SZ)", "agent": "Orchestrator", "event": "handoff", "target_agent": "Tech_Lead", "reason": "New commit is ready for review"}
{"timestamp": "$(date -u +%Y-%m-%dT%H:%M:%SZ)", "agent": "Orchestrator", "event": "handoff", "target_agent": "Emergency", "reason": "Distress signal detected in NotificationIndicator tests"}
{"timestamp": "$(date -u +%Y-%m-%dT%H:%M:%SZ)", "agent": "Orchestrator", "event": "handoff", "target_agent": "Developer", "reason": "Pending development tasks found in FIX_PLAN.md"}
{"timestamp": "2025-06-17T07:35:45Z", "agent": "Tech Lead", "event": "review_start", "details": "Starting technical review of latest commit"}
{"timestamp": "2025-06-17T07:39:07Z", "agent": "Tech Lead", "event": "rejection", "details": "Commit rejected due to test failures in notification and skeleton components"}
{"timestamp": "2025-06-17T07:51:52Z", "agent": "Tech Lead", "event": "review_started", "details": "Beginning technical review of latest commit"}
{"timestamp": "2025-06-17T07:53:15Z", "agent": "Tech Lead", "event": "review_completed", "details": "Commit approved after technical review", "commit_hash": "9f1bb4efb4ee8f9fe93a8422b9af7580c8eb1c02"}
{"timestamp": "2025-06-17T07:53:52Z", "agent": "Orchestrator", "event": "handoff", "target_agent": "QA Engineer", "details": "Tech lead approval received. Handing off for QA review."}
{"timestamp": "2025-06-17T07:56:06Z", "agent": "QA Engineer", "event": "acceptance_test_started", "details": "Beginning acceptance testing for latest commit"}
{"timestamp": "2025-06-17T07:57:34Z", "agent": "QA Engineer", "event": "acceptance_test_passed", "details": "Features approved after successful testing", "commit_hash": "9f1bb4efb4ee8f9fe93a8422b9af7580c8eb1c02"}
{"timestamp": "2025-06-17T07:58:13Z", "agent": "Orchestrator", "event": "handoff", "target_agent": "Janitor", "details": "QA approval received. Handing off for cleanup tasks."}
{"timestamp": "2025-06-17T07:59:30Z", "agent": "Janitor", "event": "action_start", "details": "Starting post-commit maintenance."}
{"timestamp": "2025-06-17T08:05:12Z", "agent": "Janitor", "event": "action", "details": "Updating vector DB for changed files."}
{"timestamp": "2025-06-17T08:06:54Z", "agent": "Janitor", "event": "action", "details": "Updating vector DB for changed files."}
{"timestamp": "2025-06-17T08:08:31Z", "agent": "Janitor", "event": "action_complete", "details": "Vector DB synchronized."}
{"timestamp": "2025-06-17T08:09:29Z", "agent": "Orchestrator", "event": "handoff", "target_agent": "Architect", "details": "Open work items detected. Handing off to Architect for planning."}
{"timestamp": "2025-06-17T08:17:19Z", "agent": "Orchestrator", "event": "handoff", "target_agent": "Developer", "details": "Active development plan with incomplete tasks detected."}
{"timestamp": "2025-06-17T08:40:21Z", "agent": "Tech Lead", "event": "review_started", "details": "Starting review of latest commit"}
{"timestamp": "2025-06-17T08:42:22Z", "agent": "Tech Lead", "event": "approval", "details": "Commit approved"}
{"timestamp": "2025-06-17T08:44:56Z", "agent": "QA Engineer", "event": "acceptance_started", "details": "Starting acceptance testing for dark mode implementation"}
{"timestamp": "2025-06-17T09:51:06Z", "agent": "Tech Lead", "event": "review_started", "details": "Starting review of dashboard chart implementation"}
{"timestamp": "2025-06-17T10:05:58Z", "agent": "Janitor", "event": "action_start", "details": "Starting post-commit maintenance."}
{"timestamp": "2025-06-17T10:07:29Z", "agent": "Janitor", "event": "action_start", "details": "Starting post-commit maintenance."}
{"timestamp": "2025-06-17T10:09:08Z", "agent": "Janitor", "event": "action_start", "details": "Starting post-commit maintenance."}
{"timestamp": "2025-06-17T10:12:14Z", "agent": "Janitor", "event": "error", "details": "Failed to update vector database: roo command not found"}
{"timestamp": "2025-06-17T10:14:25Z", "agent": "Janitor", "event": "error", "details": "Breaking loop: roo command not found"}
{"timestamp": "2025-06-17T10:46:30Z", "agent": "Orchestrator", "event": "handoff", "target_agent": "Tech_Lead", "details": "Commit ready for review: Verify dark mode functionality"}
{"timestamp": "2025-06-17T10:48:42Z", "agent": "Tech_Lead", "event": "review_started", "details": "Starting review of dark mode verification"}
{"timestamp": "2025-06-17T10:53:49Z", "agent": "Tech_Lead", "event": "rejection", "details": "Invalid version string in package.json for @supabase/ssr"}
{"timestamp": "2025-06-17T11:05:55Z", "agent": "Orchestrator", "event": "handoff", "target_agent": "Developer", "details": "Refactoring needed for package.json version"}
{"timestamp": "2025-06-17T11:11:47Z", "agent": "Orchestrator", "event": "handoff", "target_agent": "Tech_Lead", "details": "Commit ready for review: Fix invalid package version"}
{"timestamp": "2025-06-17T11:13:52Z", "agent": "Tech Lead", "event": "review_started", "details": "Starting technical review of latest commit"}
